<?xml version="1.0" encoding="UTF-8"?>
<!-- Generated by org.testng.reporters.JUnitReportReporter -->
<testsuite hostname="EQUIPO-ANDRES" name="com.stores.app.storesecond.service.BrandServiceImplTest" tests="6" failures="0" timestamp="6 Jan 2017 01:26:34 GMT" time="0.025" errors="0">
  <testcase name="updateBrand" time="0.001" classname="com.stores.app.storesecond.service.BrandServiceImplTest"/>
  <testcase name="deleteBrandById" time="0.017" classname="com.stores.app.storesecond.service.BrandServiceImplTest"/>
  <testcase name="saveBrand" time="0.002" classname="com.stores.app.storesecond.service.BrandServiceImplTest"/>
  <testcase name="findBrandById" time="0.001" classname="com.stores.app.storesecond.service.BrandServiceImplTest"/>
  <testcase name="findAllBrands" time="0.003" classname="com.stores.app.storesecond.service.BrandServiceImplTest"/>
  <testcase name="findById" time="0.001" classname="com.stores.app.storesecond.service.BrandServiceImplTest"/>
</testsuite> <!-- com.stores.app.storesecond.service.BrandServiceImplTest -->
