<?xml version="1.0" encoding="UTF-8"?>
<!-- Generated by org.testng.reporters.JUnitReportReporter -->
<testsuite hostname="EQUIPO-ANDRES" name="com.stores.app.storesecond.service.UserServiceImplTest" tests="6" failures="0" timestamp="6 Jan 2017 00:44:13 GMT" time="0.006" errors="0">
  <testcase name="findById" time="0.001" classname="com.stores.app.storesecond.service.UserServiceImplTest"/>
  <testcase name="findAllUsers" time="0.000" classname="com.stores.app.storesecond.service.UserServiceImplTest"/>
  <testcase name="saveColour" time="0.001" classname="com.stores.app.storesecond.service.UserServiceImplTest"/>
  <testcase name="findUserById" time="0.001" classname="com.stores.app.storesecond.service.UserServiceImplTest"/>
  <testcase name="deleteUserById" time="0.001" classname="com.stores.app.storesecond.service.UserServiceImplTest"/>
  <testcase name="updateUser" time="0.002" classname="com.stores.app.storesecond.service.UserServiceImplTest"/>
</testsuite> <!-- com.stores.app.storesecond.service.UserServiceImplTest -->
