<?xml version="1.0" encoding="UTF-8"?>
<!-- Generated by org.testng.reporters.JUnitReportReporter -->
<testsuite hostname="EQUIPO-ANDRES" name="com.stores.app.storesecond.service.ItemServiceImplTest" tests="6" failures="0" timestamp="6 Jan 2017 18:03:50 GMT" time="0.006" errors="0">
  <testcase name="deleteColourById" time="0.001" classname="com.stores.app.storesecond.service.ItemServiceImplTest"/>
  <testcase name="updateItem" time="0.001" classname="com.stores.app.storesecond.service.ItemServiceImplTest"/>
  <testcase name="findAllItems" time="0.001" classname="com.stores.app.storesecond.service.ItemServiceImplTest"/>
  <testcase name="findItemById" time="0.001" classname="com.stores.app.storesecond.service.ItemServiceImplTest"/>
  <testcase name="saveItem" time="0.001" classname="com.stores.app.storesecond.service.ItemServiceImplTest"/>
  <testcase name="findById" time="0.001" classname="com.stores.app.storesecond.service.ItemServiceImplTest"/>
</testsuite> <!-- com.stores.app.storesecond.service.ItemServiceImplTest -->
