<?xml version="1.0" encoding="UTF-8"?>
<!-- Generated by org.testng.reporters.JUnitReportReporter -->
<testsuite hostname="EQUIPO-ANDRES" name="com.stores.app.storesecond.service.CategoryServiceImplTest" tests="6" failures="0" timestamp="6 Jan 2017 01:26:34 GMT" time="0.008" errors="0">
  <testcase name="updateCategory" time="0.001" classname="com.stores.app.storesecond.service.CategoryServiceImplTest"/>
  <testcase name="findAllCategories" time="0.002" classname="com.stores.app.storesecond.service.CategoryServiceImplTest"/>
  <testcase name="findById" time="0.002" classname="com.stores.app.storesecond.service.CategoryServiceImplTest"/>
  <testcase name="saveCategory" time="0.001" classname="com.stores.app.storesecond.service.CategoryServiceImplTest"/>
  <testcase name="findCategoryById" time="0.001" classname="com.stores.app.storesecond.service.CategoryServiceImplTest"/>
  <testcase name="deleteBrandById" time="0.001" classname="com.stores.app.storesecond.service.CategoryServiceImplTest"/>
</testsuite> <!-- com.stores.app.storesecond.service.CategoryServiceImplTest -->
