<?xml version="1.0" encoding="UTF-8"?>
<!-- Generated by org.testng.reporters.JUnitReportReporter -->
<testsuite hostname="EQUIPO-ANDRES" name="com.stores.app.storesecond.service.ColourServiceImplTest" tests="6" failures="0" timestamp="6 Jan 2017 18:03:50 GMT" time="0.006" errors="0">
  <testcase name="saveColour" time="0.001" classname="com.stores.app.storesecond.service.ColourServiceImplTest"/>
  <testcase name="updateColour" time="0.001" classname="com.stores.app.storesecond.service.ColourServiceImplTest"/>
  <testcase name="findColourById" time="0.001" classname="com.stores.app.storesecond.service.ColourServiceImplTest"/>
  <testcase name="deleteColourById" time="0.001" classname="com.stores.app.storesecond.service.ColourServiceImplTest"/>
  <testcase name="findById" time="0.001" classname="com.stores.app.storesecond.service.ColourServiceImplTest"/>
  <testcase name="findAllColours" time="0.001" classname="com.stores.app.storesecond.service.ColourServiceImplTest"/>
</testsuite> <!-- com.stores.app.storesecond.service.ColourServiceImplTest -->
